<?xml version="1.0" encoding="UTF-8"?>
<!-- Generated by org.testng.reporters.JUnitXMLReporter -->
<testsuite hostname="DESKTOP-OU50UTA" failures="0" tests="3" name="Command line test" time="5.655" errors="0" timestamp="23 Oct 2020 08:37:06 GMT">
  <testcase classname="com.qa.api.test.PostAPITest" name="postAPITest" time="4.725"/>
  <testcase classname="com.qa.api.test.GetApiTest" name="getAPITestWithoutHeaders" time="0.583"/>
  <testcase classname="com.qa.api.test.GetApiTest" name="getAPITestWithHeaders" time="0.306"/>
</testsuite> <!-- Command line test -->
