<?xml version="1.0" encoding="UTF-8"?>
<!-- Generated by org.testng.reporters.JUnitXMLReporter -->
<testsuite hostname="DESKTOP-OU50UTA" failures="0" tests="5" name="Command line test" time="3.972" errors="0" timestamp="26 Oct 2020 02:19:41 GMT">
  <testcase classname="com.qa.api.test.PostAPITest" name="newPOSTtest" time="1.514"/>
  <testcase classname="com.qa.api.test.PostAPITest" name="postAPITest" time="1.04"/>
  <testcase classname="com.qa.api.test.PutApiTest" name="putTest" time="0.001"/>
  <testcase classname="com.qa.api.test.GetApiTest" name="getAPITestWithoutHeaders" time="0.729"/>
  <testcase classname="com.qa.api.test.GetApiTest" name="getAPITestWithHeaders" time="0.649"/>
</testsuite> <!-- Command line test -->
