<?xml version="1.0" encoding="UTF-8" ?>
<testsuite tests="5" failures="0" name="TestSuite" time="4.055" errors="0" skipped="0">
  <properties>
[...]
</properties>
  <testcase classname="com.qa.api.test.PostAPITest" name="newPOSTtest" time="1.522"/>
  <testcase classname="com.qa.api.test.PostAPITest" name="postAPITest" time="1.025"/>
  <testcase classname="com.qa.api.test.PutApiTest" name="putTest" time="0"/>
  <testcase classname="com.qa.api.test.GetApiTest" name="getAPITestWithoutHeaders" time="0.86"/>
  <testcase classname="com.qa.api.test.GetApiTest" name="getAPITestWithHeaders" time="0.648"/>
</testsuite>