<?xml version="1.0" encoding="UTF-8"?>
<testng-results total="1" passed="1" failed="0" skipped="0">
  <reporter-output>
  </reporter-output>
  <suite started-at="2020-10-31T15:03:35Z" name="Default suite" finished-at="2020-10-31T15:03:37Z" duration-ms="2168">
    <groups>
    </groups>
    <test started-at="2020-10-31T15:03:35Z" name="Default test" finished-at="2020-10-31T15:03:37Z" duration-ms="2168">
      <class name="com.qa.api.test.DeleteApiTest">
        <test-method is-config="true" signature="setUp()[pri:0, instance:com.qa.api.test.DeleteApiTest@2ca26d77]" started-at="2020-10-31T08:03:35Z" name="setUp" finished-at="2020-10-31T08:03:35Z" duration-ms="7" status="PASS">
          <reporter-output>
          </reporter-output>
        </test-method> <!-- setUp -->
        <test-method signature="deleteTest()[pri:0, instance:com.qa.api.test.DeleteApiTest@2ca26d77]" started-at="2020-10-31T08:03:35Z" name="deleteTest" finished-at="2020-10-31T08:03:37Z" duration-ms="2138" status="PASS">
          <reporter-output>
          </reporter-output>
        </test-method> <!-- deleteTest -->
      </class> <!-- com.qa.api.test.DeleteApiTest -->
    </test> <!-- Default test -->
  </suite> <!-- Default suite -->
</testng-results>
