<?xml version="1.0" encoding="UTF-8"?>
<testng-results total="2" passed="2" failed="0" skipped="0">
  <reporter-output>
  </reporter-output>
  <suite started-at="2020-10-20T02:48:41Z" name="Default suite" finished-at="2020-10-20T02:48:42Z" duration-ms="1676">
    <groups>
    </groups>
    <test started-at="2020-10-20T02:48:41Z" name="Default test" finished-at="2020-10-20T02:48:42Z" duration-ms="1676">
      <class name="com.qa.api.test.GetApiTest">
        <test-method is-config="true" signature="setUp()[pri:0, instance:com.qa.api.test.GetApiTest@18ece7f4]" started-at="2020-10-19T19:48:41Z" name="setUp" finished-at="2020-10-19T19:48:41Z" duration-ms="5" status="PASS">
          <reporter-output>
          </reporter-output>
        </test-method> <!-- setUp -->
        <test-method signature="getAPITest()[pri:0, instance:com.qa.api.test.GetApiTest@18ece7f4]" started-at="2020-10-19T19:48:41Z" name="getAPITest" finished-at="2020-10-19T19:48:42Z" duration-ms="1033" status="PASS">
          <reporter-output>
          </reporter-output>
        </test-method> <!-- getAPITest -->
        <test-method is-config="true" signature="setUp()[pri:0, instance:com.qa.api.test.GetApiTest@18ece7f4]" started-at="2020-10-19T19:48:42Z" name="setUp" finished-at="2020-10-19T19:48:42Z" duration-ms="1" status="PASS">
          <reporter-output>
          </reporter-output>
        </test-method> <!-- setUp -->
        <test-method signature="getAPITestWithHeaders()[pri:0, instance:com.qa.api.test.GetApiTest@18ece7f4]" started-at="2020-10-19T19:48:42Z" name="getAPITestWithHeaders" finished-at="2020-10-19T19:48:42Z" duration-ms="609" status="PASS">
          <reporter-output>
          </reporter-output>
        </test-method> <!-- getAPITestWithHeaders -->
      </class> <!-- com.qa.api.test.GetApiTest -->
    </test> <!-- Default test -->
  </suite> <!-- Default suite -->
</testng-results>
